<?xml version="1.0" encoding="UTF-8"?>
<coverage generated="1777910202604" clover="3.2.0">
  <project timestamp="1777910202604" name="All files">
    <metrics statements="48" coveredstatements="47" conditionals="30" coveredconditionals="27" methods="20" coveredmethods="20" elements="98" coveredelements="94" complexity="0" loc="48" ncloc="48" packages="1" files="4" classes="4"/>
    <file name="api.js" path="C:\Users\AL DAWOOD\Downloads\jest-JS-testing-project\src\api.js">
      <metrics statements="13" coveredstatements="13" conditionals="0" coveredconditionals="0" methods="5" coveredmethods="5"/>
      <line num="1" count="1" type="stmt"/>
      <line num="3" count="1" type="stmt"/>
      <line num="6" count="1" type="stmt"/>
      <line num="7" count="1" type="stmt"/>
      <line num="11" count="1" type="stmt"/>
      <line num="12" count="1" type="stmt"/>
      <line num="16" count="1" type="stmt"/>
      <line num="17" count="1" type="stmt"/>
      <line num="21" count="1" type="stmt"/>
      <line num="22" count="1" type="stmt"/>
      <line num="26" count="1" type="stmt"/>
      <line num="27" count="1" type="stmt"/>
      <line num="30" count="1" type="stmt"/>
    </file>
    <file name="asyncService.js" path="C:\Users\AL DAWOOD\Downloads\jest-JS-testing-project\src\asyncService.js">
      <metrics statements="8" coveredstatements="8" conditionals="4" coveredconditionals="4" methods="4" coveredmethods="4"/>
      <line num="2" count="7" type="stmt"/>
      <line num="3" count="7" type="stmt"/>
      <line num="4" count="7" type="cond" truecount="2" falsecount="0"/>
      <line num="5" count="6" type="cond" truecount="2" falsecount="0"/>
      <line num="6" count="5" type="stmt"/>
      <line num="12" count="1" type="stmt"/>
      <line num="13" count="1" type="stmt"/>
      <line num="16" count="2" type="stmt"/>
    </file>
    <file name="userService.js" path="C:\Users\AL DAWOOD\Downloads\jest-JS-testing-project\src\userService.js">
      <metrics statements="6" coveredstatements="6" conditionals="2" coveredconditionals="2" methods="2" coveredmethods="2"/>
      <line num="1" count="2" type="stmt"/>
      <line num="4" count="2" type="stmt"/>
      <line num="5" count="2" type="stmt"/>
      <line num="9" count="2" type="cond" truecount="2" falsecount="0"/>
      <line num="10" count="1" type="stmt"/>
      <line num="13" count="2" type="stmt"/>
    </file>
    <file name="utils.js" path="C:\Users\AL DAWOOD\Downloads\jest-JS-testing-project\src\utils.js">
      <metrics statements="21" coveredstatements="20" conditionals="24" coveredconditionals="21" methods="9" coveredmethods="9"/>
      <line num="3" count="2" type="cond" truecount="4" falsecount="0"/>
      <line num="4" count="1" type="stmt"/>
      <line num="5" count="1" type="stmt"/>
      <line num="9" count="2" type="cond" truecount="2" falsecount="0"/>
      <line num="10" count="1" type="stmt"/>
      <line num="15" count="3" type="cond" truecount="2" falsecount="0"/>
      <line num="16" count="2" type="cond" truecount="2" falsecount="0"/>
      <line num="17" count="1" type="stmt"/>
      <line num="21" count="1" type="cond" truecount="1" falsecount="1"/>
      <line num="22" count="1" type="stmt"/>
      <line num="27" count="4" type="cond" truecount="2" falsecount="0"/>
      <line num="28" count="8" type="stmt"/>
      <line num="32" count="2" type="cond" truecount="1" falsecount="1"/>
      <line num="33" count="2" type="stmt"/>
      <line num="38" count="2" type="cond" truecount="3" falsecount="1"/>
      <line num="39" count="0" type="stmt"/>
      <line num="40" count="2" type="stmt"/>
      <line num="44" count="2" type="cond" truecount="4" falsecount="0"/>
      <line num="45" count="1" type="stmt"/>
      <line num="46" count="1" type="stmt"/>
      <line num="49" count="2" type="stmt"/>
    </file>
  </project>
</coverage>
