{"C:\\Users\\AL DAWOOD\\Downloads\\jest-JS-testing-project\\src\\api.js": {"path":"C:\\Users\\AL DAWOOD\\Downloads\\jest-JS-testing-project\\src\\api.js","statementMap":{"0":{"start":{"line":1,"column":14},"end":{"line":1,"column":30}},"1":{"start":{"line":3,"column":17},"end":{"line":3,"column":55}},"2":{"start":{"line":6,"column":14},"end":{"line":6,"column":50}},"3":{"start":{"line":7,"column":2},"end":{"line":7,"column":18}},"4":{"start":{"line":11,"column":14},"end":{"line":11,"column":56}},"5":{"start":{"line":12,"column":2},"end":{"line":12,"column":18}},"6":{"start":{"line":16,"column":14},"end":{"line":16,"column":57}},"7":{"start":{"line":17,"column":2},"end":{"line":17,"column":18}},"8":{"start":{"line":21,"column":14},"end":{"line":21,"column":62}},"9":{"start":{"line":22,"column":2},"end":{"line":22,"column":18}},"10":{"start":{"line":26,"column":14},"end":{"line":26,"column":59}},"11":{"start":{"line":27,"column":2},"end":{"line":27,"column":20}},"12":{"start":{"line":30,"column":0},"end":{"line":30,"column":79}}},"fnMap":{"0":{"name":"getPosts","decl":{"start":{"line":5,"column":15},"end":{"line":5,"column":23}},"loc":{"start":{"line":5,"column":26},"end":{"line":8,"column":1}},"line":5},"1":{"name":"getPostById","decl":{"start":{"line":10,"column":15},"end":{"line":10,"column":26}},"loc":{"start":{"line":10,"column":31},"end":{"line":13,"column":1}},"line":10},"2":{"name":"createPost","decl":{"start":{"line":15,"column":15},"end":{"line":15,"column":25}},"loc":{"start":{"line":15,"column":32},"end":{"line":18,"column":1}},"line":15},"3":{"name":"updatePost","decl":{"start":{"line":20,"column":15},"end":{"line":20,"column":25}},"loc":{"start":{"line":20,"column":36},"end":{"line":23,"column":1}},"line":20},"4":{"name":"deletePost","decl":{"start":{"line":25,"column":15},"end":{"line":25,"column":25}},"loc":{"start":{"line":25,"column":30},"end":{"line":28,"column":1}},"line":25}},"branchMap":{},"s":{"0":1,"1":1,"2":1,"3":1,"4":1,"5":1,"6":1,"7":1,"8":1,"9":1,"10":1,"11":1,"12":1},"f":{"0":1,"1":1,"2":1,"3":1,"4":1},"b":{},"_coverageSchema":"1a1c01bbd47fc00a2c39e90264f33305004495a9","hash":"b5ecbbe7dbd95415fa41ac09536e96d9cde903ae"}
,"C:\\Users\\AL DAWOOD\\Downloads\\jest-JS-testing-project\\src\\asyncService.js": {"path":"C:\\Users\\AL DAWOOD\\Downloads\\jest-JS-testing-project\\src\\asyncService.js","statementMap":{"0":{"start":{"line":2,"column":2},"end":{"line":8,"column":5}},"1":{"start":{"line":3,"column":4},"end":{"line":7,"column":12}},"2":{"start":{"line":4,"column":6},"end":{"line":4,"column":58}},"3":{"start":{"line":4,"column":15},"end":{"line":4,"column":58}},"4":{"start":{"line":5,"column":6},"end":{"line":5,"column":64}},"5":{"start":{"line":5,"column":21},"end":{"line":5,"column":64}},"6":{"start":{"line":6,"column":6},"end":{"line":6,"column":69}},"7":{"start":{"line":12,"column":15},"end":{"line":12,"column":38}},"8":{"start":{"line":13,"column":2},"end":{"line":13,"column":20}},"9":{"start":{"line":16,"column":0},"end":{"line":16,"column":49}}},"fnMap":{"0":{"name":"fetchUserById","decl":{"start":{"line":1,"column":9},"end":{"line":1,"column":22}},"loc":{"start":{"line":1,"column":27},"end":{"line":9,"column":1}},"line":1},"1":{"name":"(anonymous_1)","decl":{"start":{"line":2,"column":21},"end":{"line":2,"column":22}},"loc":{"start":{"line":2,"column":42},"end":{"line":8,"column":3}},"line":2},"2":{"name":"(anonymous_2)","decl":{"start":{"line":3,"column":15},"end":{"line":3,"column":16}},"loc":{"start":{"line":3,"column":21},"end":{"line":7,"column":5}},"line":3},"3":{"name":"getUserEmail","decl":{"start":{"line":11,"column":15},"end":{"line":11,"column":27}},"loc":{"start":{"line":11,"column":32},"end":{"line":14,"column":1}},"line":11}},"branchMap":{"0":{"loc":{"start":{"line":4,"column":6},"end":{"line":4,"column":58}},"type":"if","locations":[{"start":{"line":4,"column":6},"end":{"line":4,"column":58}},{"start":{},"end":{}}],"line":4},"1":{"loc":{"start":{"line":5,"column":6},"end":{"line":5,"column":64}},"type":"if","locations":[{"start":{"line":5,"column":6},"end":{"line":5,"column":64}},{"start":{},"end":{}}],"line":5}},"s":{"0":7,"1":7,"2":7,"3":1,"4":6,"5":1,"6":5,"7":1,"8":1,"9":2},"f":{"0":7,"1":7,"2":7,"3":1},"b":{"0":[1,6],"1":[1,5]},"_coverageSchema":"1a1c01bbd47fc00a2c39e90264f33305004495a9","hash":"a44a5bdea2c57aa7548a43b920caf5ba76ef3bff"}
,"C:\\Users\\AL DAWOOD\\Downloads\\jest-JS-testing-project\\src\\userService.js": {"path":"C:\\Users\\AL DAWOOD\\Downloads\\jest-JS-testing-project\\src\\userService.js","statementMap":{"0":{"start":{"line":1,"column":26},"end":{"line":1,"column":51}},"1":{"start":{"line":4,"column":15},"end":{"line":4,"column":38}},"2":{"start":{"line":5,"column":2},"end":{"line":5,"column":53}},"3":{"start":{"line":9,"column":2},"end":{"line":9,"column":56}},"4":{"start":{"line":9,"column":19},"end":{"line":9,"column":56}},"5":{"start":{"line":10,"column":2},"end":{"line":10,"column":54}},"6":{"start":{"line":13,"column":0},"end":{"line":13,"column":56}}},"fnMap":{"0":{"name":"getFormattedUser","decl":{"start":{"line":3,"column":15},"end":{"line":3,"column":31}},"loc":{"start":{"line":3,"column":36},"end":{"line":6,"column":1}},"line":3},"1":{"name":"sendWelcomeEmail","decl":{"start":{"line":8,"column":9},"end":{"line":8,"column":25}},"loc":{"start":{"line":8,"column":41},"end":{"line":11,"column":1}},"line":8}},"branchMap":{"0":{"loc":{"start":{"line":9,"column":2},"end":{"line":9,"column":56}},"type":"if","locations":[{"start":{"line":9,"column":2},"end":{"line":9,"column":56}},{"start":{},"end":{}}],"line":9}},"s":{"0":2,"1":2,"2":2,"3":2,"4":1,"5":1,"6":2},"f":{"0":2,"1":2},"b":{"0":[1,1]},"_coverageSchema":"1a1c01bbd47fc00a2c39e90264f33305004495a9","hash":"edaac5308a09456dc73b1c77d03c5a49affac78c"}
,"C:\\Users\\AL DAWOOD\\Downloads\\jest-JS-testing-project\\src\\utils.js": {"path":"C:\\Users\\AL DAWOOD\\Downloads\\jest-JS-testing-project\\src\\utils.js","statementMap":{"0":{"start":{"line":3,"column":2},"end":{"line":4,"column":46}},"1":{"start":{"line":4,"column":4},"end":{"line":4,"column":46}},"2":{"start":{"line":5,"column":2},"end":{"line":5,"column":15}},"3":{"start":{"line":9,"column":2},"end":{"line":9,"column":56}},"4":{"start":{"line":9,"column":15},"end":{"line":9,"column":56}},"5":{"start":{"line":10,"column":2},"end":{"line":10,"column":15}},"6":{"start":{"line":15,"column":2},"end":{"line":15,"column":73}},"7":{"start":{"line":15,"column":31},"end":{"line":15,"column":73}},"8":{"start":{"line":16,"column":2},"end":{"line":16,"column":34}},"9":{"start":{"line":16,"column":24},"end":{"line":16,"column":34}},"10":{"start":{"line":17,"column":2},"end":{"line":17,"column":66}},"11":{"start":{"line":21,"column":2},"end":{"line":21,"column":73}},"12":{"start":{"line":21,"column":31},"end":{"line":21,"column":73}},"13":{"start":{"line":22,"column":2},"end":{"line":22,"column":42}},"14":{"start":{"line":27,"column":2},"end":{"line":27,"column":69}},"15":{"start":{"line":27,"column":27},"end":{"line":27,"column":69}},"16":{"start":{"line":28,"column":2},"end":{"line":28,"column":48}},"17":{"start":{"line":28,"column":34},"end":{"line":28,"column":43}},"18":{"start":{"line":32,"column":2},"end":{"line":32,"column":69}},"19":{"start":{"line":32,"column":27},"end":{"line":32,"column":69}},"20":{"start":{"line":33,"column":2},"end":{"line":33,"column":27}},"21":{"start":{"line":38,"column":2},"end":{"line":39,"column":46}},"22":{"start":{"line":39,"column":4},"end":{"line":39,"column":46}},"23":{"start":{"line":40,"column":2},"end":{"line":40,"column":30}},"24":{"start":{"line":44,"column":2},"end":{"line":45,"column":50}},"25":{"start":{"line":45,"column":4},"end":{"line":45,"column":50}},"26":{"start":{"line":46,"column":2},"end":{"line":46,"column":46}},"27":{"start":{"line":49,"column":0},"end":{"line":54,"column":2}}},"fnMap":{"0":{"name":"add","decl":{"start":{"line":2,"column":9},"end":{"line":2,"column":12}},"loc":{"start":{"line":2,"column":19},"end":{"line":6,"column":1}},"line":2},"1":{"name":"divide","decl":{"start":{"line":8,"column":9},"end":{"line":8,"column":15}},"loc":{"start":{"line":8,"column":22},"end":{"line":11,"column":1}},"line":8},"2":{"name":"capitalize","decl":{"start":{"line":14,"column":9},"end":{"line":14,"column":19}},"loc":{"start":{"line":14,"column":25},"end":{"line":18,"column":1}},"line":14},"3":{"name":"reverseString","decl":{"start":{"line":20,"column":9},"end":{"line":20,"column":22}},"loc":{"start":{"line":20,"column":28},"end":{"line":23,"column":1}},"line":20},"4":{"name":"sumArray","decl":{"start":{"line":26,"column":9},"end":{"line":26,"column":17}},"loc":{"start":{"line":26,"column":23},"end":{"line":29,"column":1}},"line":26},"5":{"name":"(anonymous_5)","decl":{"start":{"line":28,"column":20},"end":{"line":28,"column":21}},"loc":{"start":{"line":28,"column":34},"end":{"line":28,"column":43}},"line":28},"6":{"name":"removeDuplicates","decl":{"start":{"line":31,"column":9},"end":{"line":31,"column":25}},"loc":{"start":{"line":31,"column":31},"end":{"line":34,"column":1}},"line":31},"7":{"name":"mergeObjects","decl":{"start":{"line":37,"column":9},"end":{"line":37,"column":21}},"loc":{"start":{"line":37,"column":34},"end":{"line":41,"column":1}},"line":37},"8":{"name":"getFullName","decl":{"start":{"line":43,"column":9},"end":{"line":43,"column":20}},"loc":{"start":{"line":43,"column":27},"end":{"line":47,"column":1}},"line":43}},"branchMap":{"0":{"loc":{"start":{"line":3,"column":2},"end":{"line":4,"column":46}},"type":"if","locations":[{"start":{"line":3,"column":2},"end":{"line":4,"column":46}},{"start":{},"end":{}}],"line":3},"1":{"loc":{"start":{"line":3,"column":6},"end":{"line":3,"column":52}},"type":"binary-expr","locations":[{"start":{"line":3,"column":6},"end":{"line":3,"column":27}},{"start":{"line":3,"column":31},"end":{"line":3,"column":52}}],"line":3},"2":{"loc":{"start":{"line":9,"column":2},"end":{"line":9,"column":56}},"type":"if","locations":[{"start":{"line":9,"column":2},"end":{"line":9,"column":56}},{"start":{},"end":{}}],"line":9},"3":{"loc":{"start":{"line":15,"column":2},"end":{"line":15,"column":73}},"type":"if","locations":[{"start":{"line":15,"column":2},"end":{"line":15,"column":73}},{"start":{},"end":{}}],"line":15},"4":{"loc":{"start":{"line":16,"column":2},"end":{"line":16,"column":34}},"type":"if","locations":[{"start":{"line":16,"column":2},"end":{"line":16,"column":34}},{"start":{},"end":{}}],"line":16},"5":{"loc":{"start":{"line":21,"column":2},"end":{"line":21,"column":73}},"type":"if","locations":[{"start":{"line":21,"column":2},"end":{"line":21,"column":73}},{"start":{},"end":{}}],"line":21},"6":{"loc":{"start":{"line":27,"column":2},"end":{"line":27,"column":69}},"type":"if","locations":[{"start":{"line":27,"column":2},"end":{"line":27,"column":69}},{"start":{},"end":{}}],"line":27},"7":{"loc":{"start":{"line":32,"column":2},"end":{"line":32,"column":69}},"type":"if","locations":[{"start":{"line":32,"column":2},"end":{"line":32,"column":69}},{"start":{},"end":{}}],"line":32},"8":{"loc":{"start":{"line":38,"column":2},"end":{"line":39,"column":46}},"type":"if","locations":[{"start":{"line":38,"column":2},"end":{"line":39,"column":46}},{"start":{},"end":{}}],"line":38},"9":{"loc":{"start":{"line":38,"column":6},"end":{"line":38,"column":58}},"type":"binary-expr","locations":[{"start":{"line":38,"column":6},"end":{"line":38,"column":30}},{"start":{"line":38,"column":34},"end":{"line":38,"column":58}}],"line":38},"10":{"loc":{"start":{"line":44,"column":2},"end":{"line":45,"column":50}},"type":"if","locations":[{"start":{"line":44,"column":2},"end":{"line":45,"column":50}},{"start":{},"end":{}}],"line":44},"11":{"loc":{"start":{"line":44,"column":6},"end":{"line":44,"column":39}},"type":"binary-expr","locations":[{"start":{"line":44,"column":6},"end":{"line":44,"column":21}},{"start":{"line":44,"column":25},"end":{"line":44,"column":39}}],"line":44}},"s":{"0":2,"1":1,"2":1,"3":2,"4":1,"5":1,"6":3,"7":1,"8":2,"9":1,"10":1,"11":1,"12":0,"13":1,"14":4,"15":1,"16":3,"17":8,"18":2,"19":0,"20":2,"21":2,"22":0,"23":2,"24":2,"25":1,"26":1,"27":2},"f":{"0":2,"1":2,"2":3,"3":1,"4":4,"5":8,"6":2,"7":2,"8":2},"b":{"0":[1,1],"1":[2,1],"2":[1,1],"3":[1,2],"4":[1,1],"5":[0,1],"6":[1,3],"7":[0,2],"8":[0,2],"9":[2,2],"10":[1,1],"11":[2,2]},"_coverageSchema":"1a1c01bbd47fc00a2c39e90264f33305004495a9","hash":"ac6b68a265c28856a5441fbb373193b7d529f81e"}
}
