TN:
SF:src\api.js
FN:5,getPosts
FN:10,getPostById
FN:15,createPost
FN:20,updatePost
FN:25,deletePost
FNF:5
FNH:5
FNDA:1,getPosts
FNDA:1,getPostById
FNDA:1,createPost
FNDA:1,updatePost
FNDA:1,deletePost
DA:1,1
DA:3,1
DA:6,1
DA:7,1
DA:11,1
DA:12,1
DA:16,1
DA:17,1
DA:21,1
DA:22,1
DA:26,1
DA:27,1
DA:30,1
LF:13
LH:13
BRF:0
BRH:0
end_of_record
TN:
SF:src\asyncService.js
FN:1,fetchUserById
FN:2,(anonymous_1)
FN:3,(anonymous_2)
FN:11,getUserEmail
FNF:4
FNH:4
FNDA:7,fetchUserById
FNDA:7,(anonymous_1)
FNDA:7,(anonymous_2)
FNDA:1,getUserEmail
DA:2,7
DA:3,7
DA:4,7
DA:5,6
DA:6,5
DA:12,1
DA:13,1
DA:16,2
LF:8
LH:8
BRDA:4,0,0,1
BRDA:4,0,1,6
BRDA:5,1,0,1
BRDA:5,1,1,5
BRF:4
BRH:4
end_of_record
TN:
SF:src\userService.js
FN:3,getFormattedUser
FN:8,sendWelcomeEmail
FNF:2
FNH:2
FNDA:2,getFormattedUser
FNDA:2,sendWelcomeEmail
DA:1,2
DA:4,2
DA:5,2
DA:9,2
DA:10,1
DA:13,2
LF:6
LH:6
BRDA:9,0,0,1
BRDA:9,0,1,1
BRF:2
BRH:2
end_of_record
TN:
SF:src\utils.js
FN:2,add
FN:8,divide
FN:14,capitalize
FN:20,reverseString
FN:26,sumArray
FN:28,(anonymous_5)
FN:31,removeDuplicates
FN:37,mergeObjects
FN:43,getFullName
FNF:9
FNH:9
FNDA:2,add
FNDA:2,divide
FNDA:3,capitalize
FNDA:1,reverseString
FNDA:4,sumArray
FNDA:8,(anonymous_5)
FNDA:2,removeDuplicates
FNDA:2,mergeObjects
FNDA:2,getFullName
DA:3,2
DA:4,1
DA:5,1
DA:9,2
DA:10,1
DA:15,3
DA:16,2
DA:17,1
DA:21,1
DA:22,1
DA:27,4
DA:28,8
DA:32,2
DA:33,2
DA:38,2
DA:39,0
DA:40,2
DA:44,2
DA:45,1
DA:46,1
DA:49,2
LF:21
LH:20
BRDA:3,0,0,1
BRDA:3,0,1,1
BRDA:3,1,0,2
BRDA:3,1,1,1
BRDA:9,2,0,1
BRDA:9,2,1,1
BRDA:15,3,0,1
BRDA:15,3,1,2
BRDA:16,4,0,1
BRDA:16,4,1,1
BRDA:21,5,0,0
BRDA:21,5,1,1
BRDA:27,6,0,1
BRDA:27,6,1,3
BRDA:32,7,0,0
BRDA:32,7,1,2
BRDA:38,8,0,0
BRDA:38,8,1,2
BRDA:38,9,0,2
BRDA:38,9,1,2
BRDA:44,10,0,1
BRDA:44,10,1,1
BRDA:44,11,0,2
BRDA:44,11,1,2
BRF:24
BRH:21
end_of_record
